  [1m[36m (8.9ms)[0m  [1mCREATE TABLE "schema_migrations" ("version" character varying(255) NOT NULL) [0m
  [1m[35m (13.3ms)[0m  CREATE UNIQUE INDEX  "unique_schema_migrations" ON "schema_migrations"  ("version")
  [1m[36mActiveRecord::SchemaMigration Load (0.4ms)[0m  [1mSELECT "schema_migrations".* FROM "schema_migrations"[0m
  [1m[36mActiveRecord::SchemaMigration Load (0.4ms)[0m  [1mSELECT "schema_migrations".* FROM "schema_migrations"[0m
Migrating to CreateShops (20141006232142)
  [1m[35m (0.1ms)[0m  BEGIN
  [1m[36m (8.0ms)[0m  [1mCREATE TABLE "shops" ("id" serial primary key, "shop_name" text, "shop_address" text, "shop_time" text, "shop_phone" text, "shop_map" text, "shop_web" text, "shop_photo" text, "shop_description" text, "shop_price" text, "created_at" timestamp, "updated_at" timestamp) [0m
  [1m[35mSQL (6.2ms)[0m  INSERT INTO "schema_migrations" ("version") VALUES ($1)  [["version", "20141006232142"]]
  [1m[36m (6.3ms)[0m  [1mCOMMIT[0m
  [1m[35mActiveRecord::SchemaMigration Load (0.5ms)[0m  SELECT "schema_migrations".* FROM "schema_migrations"
  [1m[36mActiveRecord::SchemaMigration Load (0.5ms)[0m  [1mSELECT "schema_migrations".* FROM "schema_migrations"[0m
Migrating to CreateUsers (20141006232620)
  [1m[35m (0.1ms)[0m  BEGIN
  [1m[36m (7.5ms)[0m  [1mCREATE TABLE "users" ("id" serial primary key, "user_login" text, "user_pass" text, "user_nicename" text, "user_email" text, "user_url" text, "display_name" text, "created_at" timestamp, "updated_at" timestamp) [0m
  [1m[35mSQL (0.3ms)[0m  INSERT INTO "schema_migrations" ("version") VALUES ($1)  [["version", "20141006232620"]]
  [1m[36m (0.5ms)[0m  [1mCOMMIT[0m
  [1m[35mActiveRecord::SchemaMigration Load (0.2ms)[0m  SELECT "schema_migrations".* FROM "schema_migrations"
  [1m[36mActiveRecord::SchemaMigration Load (0.5ms)[0m  [1mSELECT "schema_migrations".* FROM "schema_migrations"[0m
Migrating to CreateArticles (20141006232906)
  [1m[35m (0.2ms)[0m  BEGIN
  [1m[36m (12.2ms)[0m  [1mCREATE TABLE "articles" ("id" serial primary key, "article_content" text, "article_title" text, "article_tags" text, "article_category" text, "user_id" integer, "created_at" timestamp, "updated_at" timestamp) [0m
  [1m[35mSQL (0.3ms)[0m  INSERT INTO "schema_migrations" ("version") VALUES ($1)  [["version", "20141006232906"]]
  [1m[36m (1.7ms)[0m  [1mCOMMIT[0m
  [1m[35mActiveRecord::SchemaMigration Load (0.3ms)[0m  SELECT "schema_migrations".* FROM "schema_migrations"


Started GET "/" for 127.0.0.1 at 2014-10-06 16:55:51 -0700
  [1m[36mActiveRecord::SchemaMigration Load (0.6ms)[0m  [1mSELECT "schema_migrations".* FROM "schema_migrations"[0m
Processing by Rails::WelcomeController#index as HTML
  Rendered /Users/Ryoma/.rvm/gems/ruby-2.1.1/gems/railties-4.1.6/lib/rails/templates/rails/welcome/index.html.erb (2.6ms)
Completed 200 OK in 19ms (Views: 10.8ms | ActiveRecord: 0.0ms)


Started GET "/eat" for 127.0.0.1 at 2014-10-06 16:55:57 -0700

ActionController::RoutingError (No route matches [GET] "/eat"):
  actionpack (4.1.6) lib/action_dispatch/middleware/debug_exceptions.rb:21:in `call'
  actionpack (4.1.6) lib/action_dispatch/middleware/show_exceptions.rb:30:in `call'
  railties (4.1.6) lib/rails/rack/logger.rb:38:in `call_app'
  railties (4.1.6) lib/rails/rack/logger.rb:20:in `block in call'
  activesupport (4.1.6) lib/active_support/tagged_logging.rb:68:in `block in tagged'
  activesupport (4.1.6) lib/active_support/tagged_logging.rb:26:in `tagged'
  activesupport (4.1.6) lib/active_support/tagged_logging.rb:68:in `tagged'
  railties (4.1.6) lib/rails/rack/logger.rb:20:in `call'
  actionpack (4.1.6) lib/action_dispatch/middleware/request_id.rb:21:in `call'
  rack (1.5.2) lib/rack/methodoverride.rb:21:in `call'
  rack (1.5.2) lib/rack/runtime.rb:17:in `call'
  activesupport (4.1.6) lib/active_support/cache/strategy/local_cache_middleware.rb:26:in `call'
  rack (1.5.2) lib/rack/lock.rb:17:in `call'
  actionpack (4.1.6) lib/action_dispatch/middleware/static.rb:64:in `call'
  rack (1.5.2) lib/rack/sendfile.rb:112:in `call'
  railties (4.1.6) lib/rails/engine.rb:514:in `call'
  railties (4.1.6) lib/rails/application.rb:144:in `call'
  rack (1.5.2) lib/rack/lock.rb:17:in `call'
  rack (1.5.2) lib/rack/content_length.rb:14:in `call'
  rack (1.5.2) lib/rack/handler/webrick.rb:60:in `service'
  /Users/Ryoma/.rvm/rubies/ruby-2.1.1/lib/ruby/2.1.0/webrick/httpserver.rb:138:in `service'
  /Users/Ryoma/.rvm/rubies/ruby-2.1.1/lib/ruby/2.1.0/webrick/httpserver.rb:94:in `run'
  /Users/Ryoma/.rvm/rubies/ruby-2.1.1/lib/ruby/2.1.0/webrick/server.rb:295:in `block in start_thread'


  Rendered /Users/Ryoma/.rvm/gems/ruby-2.1.1/gems/actionpack-4.1.6/lib/action_dispatch/middleware/templates/rescues/_trace.html.erb (1.5ms)
  Rendered /Users/Ryoma/.rvm/gems/ruby-2.1.1/gems/actionpack-4.1.6/lib/action_dispatch/middleware/templates/routes/_route.html.erb (0.9ms)
  Rendered /Users/Ryoma/.rvm/gems/ruby-2.1.1/gems/actionpack-4.1.6/lib/action_dispatch/middleware/templates/routes/_table.html.erb (9.3ms)
  Rendered /Users/Ryoma/.rvm/gems/ruby-2.1.1/gems/actionpack-4.1.6/lib/action_dispatch/middleware/templates/rescues/routing_error.html.erb within rescues/layout (33.5ms)


Started GET "/eat" for 127.0.0.1 at 2014-10-06 16:56:33 -0700
Processing by EatController#index as HTML
  Rendered eat/index.html.erb within layouts/application (0.3ms)
Completed 200 OK in 979ms (Views: 978.4ms | ActiveRecord: 0.0ms)


Started GET "/assets/eat.css?body=1" for 127.0.0.1 at 2014-10-06 16:56:34 -0700


Started GET "/assets/application.css?body=1" for 127.0.0.1 at 2014-10-06 16:56:34 -0700


Started GET "/assets/jquery_ujs.js?body=1" for 127.0.0.1 at 2014-10-06 16:56:34 -0700


Started GET "/assets/jquery.js?body=1" for 127.0.0.1 at 2014-10-06 16:56:34 -0700


Started GET "/assets/application.js?body=1" for 127.0.0.1 at 2014-10-06 16:56:34 -0700


Started GET "/assets/turbolinks.js?body=1" for 127.0.0.1 at 2014-10-06 16:56:34 -0700


Started GET "/assets/eat.js?body=1" for 127.0.0.1 at 2014-10-06 16:56:34 -0700


Started GET "/eat" for 127.0.0.1 at 2014-10-06 17:01:02 -0700
  [1m[36mActiveRecord::SchemaMigration Load (0.5ms)[0m  [1mSELECT "schema_migrations".* FROM "schema_migrations"[0m
Processing by EatController#index as HTML
  [1m[35mArticle Load (0.7ms)[0m  SELECT "articles".* FROM "articles"
  Rendered eat/index.html.erb within layouts/application (13.3ms)
Completed 500 Internal Server Error in 53ms

ActionView::Template::Error (undefined method `users' for #<Article:0x000001021c04f0>):
    2: 
    3: <h2><%= article.article_title %></h2>
    4: <p><%= article.article_content %></p>
    5: <p><%= article.users.display_name %></p>
    6: 
    7: <% end %>
  app/views/eat/index.html.erb:5:in `block in _app_views_eat_index_html_erb__3416247932100458889_2165068780'
  app/views/eat/index.html.erb:1:in `_app_views_eat_index_html_erb__3416247932100458889_2165068780'


  Rendered /Users/Ryoma/.rvm/gems/ruby-2.1.1/gems/actionpack-4.1.6/lib/action_dispatch/middleware/templates/rescues/_trace.html.erb (2.1ms)
  Rendered /Users/Ryoma/.rvm/gems/ruby-2.1.1/gems/actionpack-4.1.6/lib/action_dispatch/middleware/templates/rescues/_request_and_response.html.erb (1.0ms)
  Rendered /Users/Ryoma/.rvm/gems/ruby-2.1.1/gems/actionpack-4.1.6/lib/action_dispatch/middleware/templates/rescues/template_error.html.erb within rescues/layout (15.8ms)


Started GET "/eat" for 127.0.0.1 at 2014-10-06 17:01:15 -0700
Processing by EatController#index as HTML
  [1m[36mArticle Load (0.7ms)[0m  [1mSELECT "articles".* FROM "articles"[0m
  Rendered eat/index.html.erb within layouts/application (2.1ms)
Completed 200 OK in 66ms (Views: 64.0ms | ActiveRecord: 0.7ms)


Started GET "/assets/jquery.js?body=1" for 127.0.0.1 at 2014-10-06 17:01:15 -0700


Started GET "/assets/eat.css?body=1" for 127.0.0.1 at 2014-10-06 17:01:15 -0700


Started GET "/assets/application.css?body=1" for 127.0.0.1 at 2014-10-06 17:01:15 -0700


Started GET "/assets/jquery_ujs.js?body=1" for 127.0.0.1 at 2014-10-06 17:01:15 -0700


Started GET "/assets/eat.js?body=1" for 127.0.0.1 at 2014-10-06 17:01:15 -0700


Started GET "/assets/turbolinks.js?body=1" for 127.0.0.1 at 2014-10-06 17:01:15 -0700


Started GET "/assets/application.js?body=1" for 127.0.0.1 at 2014-10-06 17:01:16 -0700


Started GET "/eat" for 127.0.0.1 at 2014-10-06 17:03:11 -0700
Processing by EatController#index as HTML
  [1m[35mArticle Load (0.4ms)[0m  SELECT "articles".* FROM "articles"
  Rendered eat/index.html.erb within layouts/application (2.5ms)
Completed 500 Internal Server Error in 5ms

ActionView::Template::Error (undefined method `users' for #<Article:0x00000101356298>):
    2: 
    3: <h2><%= article.article_title %></h2>
    4: <p><%= article.article_content %></p>
    5: <p><%= article.users.display_name %></p>
    6: 
    7: <% end %>
  app/views/eat/index.html.erb:5:in `block in _app_views_eat_index_html_erb__3416247932100458889_2157586920'
  app/views/eat/index.html.erb:1:in `_app_views_eat_index_html_erb__3416247932100458889_2157586920'


  Rendered /Users/Ryoma/.rvm/gems/ruby-2.1.1/gems/actionpack-4.1.6/lib/action_dispatch/middleware/templates/rescues/_trace.html.erb (1.5ms)
  Rendered /Users/Ryoma/.rvm/gems/ruby-2.1.1/gems/actionpack-4.1.6/lib/action_dispatch/middleware/templates/rescues/_request_and_response.html.erb (0.8ms)
  Rendered /Users/Ryoma/.rvm/gems/ruby-2.1.1/gems/actionpack-4.1.6/lib/action_dispatch/middleware/templates/rescues/template_error.html.erb within rescues/layout (10.7ms)


Started GET "/eat" for 127.0.0.1 at 2014-10-06 17:08:13 -0700
Processing by EatController#index as HTML
  [1m[36mArticle Load (0.4ms)[0m  [1mSELECT "articles".* FROM "articles"[0m
  [1m[35mUser Load (0.6ms)[0m  SELECT  "users".* FROM "users"  WHERE "users"."id" = $1 LIMIT 1  [["id", 1]]
  [1m[36mUser Load (0.4ms)[0m  [1mSELECT  "users".* FROM "users"  WHERE "users"."id" = $1 LIMIT 1[0m  [["id", 2]]
  Rendered eat/index.html.erb within layouts/application (79.1ms)
Completed 200 OK in 110ms (Views: 105.4ms | ActiveRecord: 4.1ms)


Started GET "/assets/application.css?body=1" for 127.0.0.1 at 2014-10-06 17:08:13 -0700


Started GET "/assets/jquery_ujs.js?body=1" for 127.0.0.1 at 2014-10-06 17:08:13 -0700


Started GET "/assets/eat.css?body=1" for 127.0.0.1 at 2014-10-06 17:08:13 -0700


Started GET "/assets/jquery.js?body=1" for 127.0.0.1 at 2014-10-06 17:08:13 -0700


Started GET "/assets/eat.js?body=1" for 127.0.0.1 at 2014-10-06 17:08:13 -0700


Started GET "/assets/application.js?body=1" for 127.0.0.1 at 2014-10-06 17:08:13 -0700


Started GET "/assets/turbolinks.js?body=1" for 127.0.0.1 at 2014-10-06 17:08:13 -0700


Started GET "/eat" for 127.0.0.1 at 2014-10-06 17:10:49 -0700
Processing by EatController#index as HTML
  [1m[35mArticle Load (0.4ms)[0m  SELECT "articles".* FROM "articles"
  [1m[36mUser Load (0.3ms)[0m  [1mSELECT  "users".* FROM "users"  WHERE "users"."id" = $1 LIMIT 1[0m  [["id", 1]]
  [1m[35mUser Load (0.3ms)[0m  SELECT  "users".* FROM "users"  WHERE "users"."id" = $1 LIMIT 1  [["id", 2]]
  Rendered eat/index.html.erb within layouts/application (3.5ms)
Completed 200 OK in 36ms (Views: 34.2ms | ActiveRecord: 1.1ms)


Started GET "/assets/application.css?body=1" for 127.0.0.1 at 2014-10-06 17:10:49 -0700


Started GET "/assets/eat.css?body=1" for 127.0.0.1 at 2014-10-06 17:10:49 -0700


Started GET "/assets/jquery.js?body=1" for 127.0.0.1 at 2014-10-06 17:10:49 -0700


Started GET "/assets/jquery_ujs.js?body=1" for 127.0.0.1 at 2014-10-06 17:10:49 -0700


Started GET "/assets/eat.js?body=1" for 127.0.0.1 at 2014-10-06 17:10:49 -0700


Started GET "/assets/turbolinks.js?body=1" for 127.0.0.1 at 2014-10-06 17:10:49 -0700


Started GET "/assets/application.js?body=1" for 127.0.0.1 at 2014-10-06 17:10:49 -0700


Started GET "/eat" for 127.0.0.1 at 2014-10-06 17:11:27 -0700
Processing by EatController#index as HTML
  [1m[36mArticle Load (0.4ms)[0m  [1mSELECT "articles".* FROM "articles"[0m
  [1m[35mUser Load (0.4ms)[0m  SELECT  "users".* FROM "users"  WHERE "users"."id" = $1 LIMIT 1  [["id", 1]]
  [1m[36mUser Load (0.3ms)[0m  [1mSELECT  "users".* FROM "users"  WHERE "users"."id" = $1 LIMIT 1[0m  [["id", 2]]
  Rendered eat/index.html.erb within layouts/application (3.7ms)
Completed 200 OK in 34ms (Views: 32.6ms | ActiveRecord: 1.1ms)


Started GET "/assets/eat.css?body=1" for 127.0.0.1 at 2014-10-06 17:11:28 -0700


Started GET "/assets/turbolinks.js?body=1" for 127.0.0.1 at 2014-10-06 17:11:28 -0700


Started GET "/assets/jquery.js?body=1" for 127.0.0.1 at 2014-10-06 17:11:28 -0700


Started GET "/assets/application.js?body=1" for 127.0.0.1 at 2014-10-06 17:11:28 -0700


Started GET "/assets/application.css?body=1" for 127.0.0.1 at 2014-10-06 17:11:28 -0700


Started GET "/assets/jquery_ujs.js?body=1" for 127.0.0.1 at 2014-10-06 17:11:28 -0700


Started GET "/assets/eat.js?body=1" for 127.0.0.1 at 2014-10-06 17:11:28 -0700


Started GET "/eat" for 127.0.0.1 at 2014-10-06 17:12:06 -0700
Processing by EatController#index as HTML
  [1m[35mArticle Load (0.4ms)[0m  SELECT "articles".* FROM "articles"
  [1m[36mUser Load (0.2ms)[0m  [1mSELECT  "users".* FROM "users"  WHERE "users"."id" = $1 LIMIT 1[0m  [["id", 1]]
  [1m[35mUser Load (0.2ms)[0m  SELECT  "users".* FROM "users"  WHERE "users"."id" = $1 LIMIT 1  [["id", 2]]
  [1m[36mCACHE (0.0ms)[0m  [1mSELECT  "users".* FROM "users"  WHERE "users"."id" = $1 LIMIT 1[0m  [["id", 1]]
  [1m[35mCACHE (0.0ms)[0m  SELECT  "users".* FROM "users"  WHERE "users"."id" = $1 LIMIT 1  [["id", 2]]
  [1m[36mCACHE (0.0ms)[0m  [1mSELECT  "users".* FROM "users"  WHERE "users"."id" = $1 LIMIT 1[0m  [["id", 2]]
  [1m[35mCACHE (0.0ms)[0m  SELECT  "users".* FROM "users"  WHERE "users"."id" = $1 LIMIT 1  [["id", 1]]
  Rendered eat/index.html.erb within layouts/application (4.6ms)
Completed 200 OK in 38ms (Views: 36.7ms | ActiveRecord: 0.9ms)


Started GET "/assets/eat.css?body=1" for 127.0.0.1 at 2014-10-06 17:12:06 -0700


Started GET "/assets/jquery.js?body=1" for 127.0.0.1 at 2014-10-06 17:12:06 -0700


Started GET "/assets/application.js?body=1" for 127.0.0.1 at 2014-10-06 17:12:06 -0700


Started GET "/assets/application.css?body=1" for 127.0.0.1 at 2014-10-06 17:12:06 -0700


Started GET "/assets/jquery_ujs.js?body=1" for 127.0.0.1 at 2014-10-06 17:12:06 -0700


Started GET "/assets/turbolinks.js?body=1" for 127.0.0.1 at 2014-10-06 17:12:06 -0700


Started GET "/assets/eat.js?body=1" for 127.0.0.1 at 2014-10-06 17:12:06 -0700


Started GET "/eat" for 127.0.0.1 at 2014-10-06 19:14:03 -0700
  [1m[36mActiveRecord::SchemaMigration Load (6.5ms)[0m  [1mSELECT "schema_migrations".* FROM "schema_migrations"[0m
Processing by EatController#index as HTML
  [1m[35mArticle Load (12.0ms)[0m  SELECT "articles".* FROM "articles"
  [1m[36mUser Load (6.2ms)[0m  [1mSELECT  "users".* FROM "users"  WHERE "users"."id" = $1 LIMIT 1[0m  [["id", 1]]
  [1m[35mUser Load (0.4ms)[0m  SELECT  "users".* FROM "users"  WHERE "users"."id" = $1 LIMIT 1  [["id", 2]]
  [1m[36mCACHE (0.0ms)[0m  [1mSELECT  "users".* FROM "users"  WHERE "users"."id" = $1 LIMIT 1[0m  [["id", 1]]
  [1m[35mCACHE (0.0ms)[0m  SELECT  "users".* FROM "users"  WHERE "users"."id" = $1 LIMIT 1  [["id", 2]]
  [1m[36mCACHE (0.0ms)[0m  [1mSELECT  "users".* FROM "users"  WHERE "users"."id" = $1 LIMIT 1[0m  [["id", 2]]
  [1m[35mCACHE (0.0ms)[0m  SELECT  "users".* FROM "users"  WHERE "users"."id" = $1 LIMIT 1  [["id", 1]]
  Rendered eat/index.html.erb within layouts/application (59.0ms)
Completed 200 OK in 164ms (Views: 103.9ms | ActiveRecord: 29.9ms)


Started GET "/assets/eat.css?body=1" for 127.0.0.1 at 2014-10-06 19:14:03 -0700


Started GET "/assets/application.css?body=1" for 127.0.0.1 at 2014-10-06 19:14:03 -0700


Started GET "/assets/jquery.js?body=1" for 127.0.0.1 at 2014-10-06 19:14:03 -0700


Started GET "/assets/jquery_ujs.js?body=1" for 127.0.0.1 at 2014-10-06 19:14:03 -0700


Started GET "/assets/application.js?body=1" for 127.0.0.1 at 2014-10-06 19:14:03 -0700


Started GET "/assets/turbolinks.js?body=1" for 127.0.0.1 at 2014-10-06 19:14:03 -0700


Started GET "/assets/eat.js?body=1" for 127.0.0.1 at 2014-10-06 19:14:03 -0700


Started GET "/eat" for 127.0.0.1 at 2014-10-06 19:30:00 -0700
  [1m[36mActiveRecord::SchemaMigration Load (0.8ms)[0m  [1mSELECT "schema_migrations".* FROM "schema_migrations"[0m
Processing by EatController#index as HTML
  [1m[35mArticle Load (0.7ms)[0m  SELECT "articles".* FROM "articles"
  [1m[36mUser Load (0.6ms)[0m  [1mSELECT  "users".* FROM "users"  WHERE "users"."id" = $1 LIMIT 1[0m  [["id", 1]]
  [1m[35mUser Load (0.4ms)[0m  SELECT  "users".* FROM "users"  WHERE "users"."id" = $1 LIMIT 1  [["id", 2]]
  [1m[36mCACHE (0.0ms)[0m  [1mSELECT  "users".* FROM "users"  WHERE "users"."id" = $1 LIMIT 1[0m  [["id", 1]]
  [1m[35mCACHE (0.0ms)[0m  SELECT  "users".* FROM "users"  WHERE "users"."id" = $1 LIMIT 1  [["id", 2]]
  [1m[36mCACHE (0.0ms)[0m  [1mSELECT  "users".* FROM "users"  WHERE "users"."id" = $1 LIMIT 1[0m  [["id", 2]]
  [1m[35mCACHE (0.0ms)[0m  SELECT  "users".* FROM "users"  WHERE "users"."id" = $1 LIMIT 1  [["id", 1]]
  Rendered eat/index.html.erb within layouts/application (31.4ms)
Completed 200 OK in 109ms (Views: 77.4ms | ActiveRecord: 7.4ms)


Started GET "/assets/eat.css?body=1" for 127.0.0.1 at 2014-10-06 19:30:00 -0700


Started GET "/assets/jquery.js?body=1" for 127.0.0.1 at 2014-10-06 19:30:00 -0700


Started GET "/assets/application.css?body=1" for 127.0.0.1 at 2014-10-06 19:30:00 -0700


Started GET "/assets/jquery_ujs.js?body=1" for 127.0.0.1 at 2014-10-06 19:30:00 -0700


Started GET "/assets/turbolinks.js?body=1" for 127.0.0.1 at 2014-10-06 19:30:00 -0700


Started GET "/assets/eat.js?body=1" for 127.0.0.1 at 2014-10-06 19:30:00 -0700


Started GET "/assets/application.js?body=1" for 127.0.0.1 at 2014-10-06 19:30:00 -0700


Started GET "/show.html.erb" for 127.0.0.1 at 2014-10-06 19:30:03 -0700

ActionController::RoutingError (No route matches [GET] "/show.html.erb"):
  actionpack (4.1.6) lib/action_dispatch/middleware/debug_exceptions.rb:21:in `call'
  actionpack (4.1.6) lib/action_dispatch/middleware/show_exceptions.rb:30:in `call'
  railties (4.1.6) lib/rails/rack/logger.rb:38:in `call_app'
  railties (4.1.6) lib/rails/rack/logger.rb:20:in `block in call'
  activesupport (4.1.6) lib/active_support/tagged_logging.rb:68:in `block in tagged'
  activesupport (4.1.6) lib/active_support/tagged_logging.rb:26:in `tagged'
  activesupport (4.1.6) lib/active_support/tagged_logging.rb:68:in `tagged'
  railties (4.1.6) lib/rails/rack/logger.rb:20:in `call'
  actionpack (4.1.6) lib/action_dispatch/middleware/request_id.rb:21:in `call'
  rack (1.5.2) lib/rack/methodoverride.rb:21:in `call'
  rack (1.5.2) lib/rack/runtime.rb:17:in `call'
  activesupport (4.1.6) lib/active_support/cache/strategy/local_cache_middleware.rb:26:in `call'
  rack (1.5.2) lib/rack/lock.rb:17:in `call'
  actionpack (4.1.6) lib/action_dispatch/middleware/static.rb:64:in `call'
  rack (1.5.2) lib/rack/sendfile.rb:112:in `call'
  railties (4.1.6) lib/rails/engine.rb:514:in `call'
  railties (4.1.6) lib/rails/application.rb:144:in `call'
  rack (1.5.2) lib/rack/lock.rb:17:in `call'
  rack (1.5.2) lib/rack/content_length.rb:14:in `call'
  rack (1.5.2) lib/rack/handler/webrick.rb:60:in `service'
  /Users/Ryoma/.rvm/rubies/ruby-2.1.1/lib/ruby/2.1.0/webrick/httpserver.rb:138:in `service'
  /Users/Ryoma/.rvm/rubies/ruby-2.1.1/lib/ruby/2.1.0/webrick/httpserver.rb:94:in `run'
  /Users/Ryoma/.rvm/rubies/ruby-2.1.1/lib/ruby/2.1.0/webrick/server.rb:295:in `block in start_thread'


  Rendered /Users/Ryoma/.rvm/gems/ruby-2.1.1/gems/actionpack-4.1.6/lib/action_dispatch/middleware/templates/rescues/_trace.html.erb (1.3ms)
  Rendered /Users/Ryoma/.rvm/gems/ruby-2.1.1/gems/actionpack-4.1.6/lib/action_dispatch/middleware/templates/routes/_route.html.erb (2.0ms)
  Rendered /Users/Ryoma/.rvm/gems/ruby-2.1.1/gems/actionpack-4.1.6/lib/action_dispatch/middleware/templates/routes/_table.html.erb (7.7ms)
  Rendered /Users/Ryoma/.rvm/gems/ruby-2.1.1/gems/actionpack-4.1.6/lib/action_dispatch/middleware/templates/rescues/routing_error.html.erb within rescues/layout (37.4ms)


Started GET "/eat" for 127.0.0.1 at 2014-10-06 19:45:03 -0700
  [1m[36mActiveRecord::SchemaMigration Load (0.5ms)[0m  [1mSELECT "schema_migrations".* FROM "schema_migrations"[0m
Processing by EatController#index as HTML
  [1m[35mArticle Load (0.6ms)[0m  SELECT "articles".* FROM "articles"
  [1m[36mUser Load (0.6ms)[0m  [1mSELECT  "users".* FROM "users"  WHERE "users"."id" = $1 LIMIT 1[0m  [["id", 1]]
  [1m[35mUser Load (0.4ms)[0m  SELECT  "users".* FROM "users"  WHERE "users"."id" = $1 LIMIT 1  [["id", 2]]
  [1m[36mCACHE (0.0ms)[0m  [1mSELECT  "users".* FROM "users"  WHERE "users"."id" = $1 LIMIT 1[0m  [["id", 1]]
  [1m[35mCACHE (0.0ms)[0m  SELECT  "users".* FROM "users"  WHERE "users"."id" = $1 LIMIT 1  [["id", 2]]
  [1m[36mCACHE (0.0ms)[0m  [1mSELECT  "users".* FROM "users"  WHERE "users"."id" = $1 LIMIT 1[0m  [["id", 2]]
  [1m[35mCACHE (0.0ms)[0m  SELECT  "users".* FROM "users"  WHERE "users"."id" = $1 LIMIT 1  [["id", 1]]
  Rendered eat/index.html.erb within layouts/application (34.4ms)
Completed 200 OK in 111ms (Views: 79.1ms | ActiveRecord: 8.2ms)


Started GET "/assets/eat.css?body=1" for 127.0.0.1 at 2014-10-06 19:45:03 -0700


Started GET "/assets/application.css?body=1" for 127.0.0.1 at 2014-10-06 19:45:03 -0700


Started GET "/assets/turbolinks.js?body=1" for 127.0.0.1 at 2014-10-06 19:45:03 -0700


Started GET "/assets/jquery.js?body=1" for 127.0.0.1 at 2014-10-06 19:45:03 -0700


Started GET "/assets/jquery_ujs.js?body=1" for 127.0.0.1 at 2014-10-06 19:45:03 -0700


Started GET "/assets/eat.js?body=1" for 127.0.0.1 at 2014-10-06 19:45:03 -0700


Started GET "/assets/application.js?body=1" for 127.0.0.1 at 2014-10-06 19:45:03 -0700


Started GET "/eat" for 127.0.0.1 at 2014-10-06 19:45:11 -0700
Processing by EatController#index as HTML
  [1m[36mArticle Load (0.5ms)[0m  [1mSELECT "articles".* FROM "articles"[0m
  [1m[35mUser Load (0.5ms)[0m  SELECT  "users".* FROM "users"  WHERE "users"."id" = $1 LIMIT 1  [["id", 1]]
  [1m[36mUser Load (0.3ms)[0m  [1mSELECT  "users".* FROM "users"  WHERE "users"."id" = $1 LIMIT 1[0m  [["id", 2]]
  [1m[35mCACHE (0.0ms)[0m  SELECT  "users".* FROM "users"  WHERE "users"."id" = $1 LIMIT 1  [["id", 1]]
  [1m[36mCACHE (0.0ms)[0m  [1mSELECT  "users".* FROM "users"  WHERE "users"."id" = $1 LIMIT 1[0m  [["id", 2]]
  [1m[35mCACHE (0.0ms)[0m  SELECT  "users".* FROM "users"  WHERE "users"."id" = $1 LIMIT 1  [["id", 2]]
  [1m[36mCACHE (0.0ms)[0m  [1mSELECT  "users".* FROM "users"  WHERE "users"."id" = $1 LIMIT 1[0m  [["id", 1]]
  Rendered eat/index.html.erb within layouts/application (8.1ms)
Completed 200 OK in 43ms (Views: 41.0ms | ActiveRecord: 1.3ms)


Started GET "/eat" for 127.0.0.1 at 2014-10-06 19:45:13 -0700
Processing by EatController#index as HTML
  [1m[35mArticle Load (0.6ms)[0m  SELECT "articles".* FROM "articles"
  [1m[36mUser Load (0.3ms)[0m  [1mSELECT  "users".* FROM "users"  WHERE "users"."id" = $1 LIMIT 1[0m  [["id", 1]]
  [1m[35mUser Load (0.3ms)[0m  SELECT  "users".* FROM "users"  WHERE "users"."id" = $1 LIMIT 1  [["id", 2]]
  [1m[36mCACHE (0.0ms)[0m  [1mSELECT  "users".* FROM "users"  WHERE "users"."id" = $1 LIMIT 1[0m  [["id", 1]]
  [1m[35mCACHE (0.0ms)[0m  SELECT  "users".* FROM "users"  WHERE "users"."id" = $1 LIMIT 1  [["id", 2]]
  [1m[36mCACHE (0.0ms)[0m  [1mSELECT  "users".* FROM "users"  WHERE "users"."id" = $1 LIMIT 1[0m  [["id", 2]]
  [1m[35mCACHE (0.0ms)[0m  SELECT  "users".* FROM "users"  WHERE "users"."id" = $1 LIMIT 1  [["id", 1]]
  Rendered eat/index.html.erb within layouts/application (6.2ms)
Completed 200 OK in 41ms (Views: 38.9ms | ActiveRecord: 1.3ms)


Started GET "/eat" for 127.0.0.1 at 2014-10-06 19:45:15 -0700
Processing by EatController#index as HTML
  [1m[36mArticle Load (0.6ms)[0m  [1mSELECT "articles".* FROM "articles"[0m
  [1m[35mUser Load (0.2ms)[0m  SELECT  "users".* FROM "users"  WHERE "users"."id" = $1 LIMIT 1  [["id", 1]]
  [1m[36mUser Load (0.2ms)[0m  [1mSELECT  "users".* FROM "users"  WHERE "users"."id" = $1 LIMIT 1[0m  [["id", 2]]
  [1m[35mCACHE (0.0ms)[0m  SELECT  "users".* FROM "users"  WHERE "users"."id" = $1 LIMIT 1  [["id", 1]]
  [1m[36mCACHE (0.0ms)[0m  [1mSELECT  "users".* FROM "users"  WHERE "users"."id" = $1 LIMIT 1[0m  [["id", 2]]
  [1m[35mCACHE (0.0ms)[0m  SELECT  "users".* FROM "users"  WHERE "users"."id" = $1 LIMIT 1  [["id", 2]]
  [1m[36mCACHE (0.0ms)[0m  [1mSELECT  "users".* FROM "users"  WHERE "users"."id" = $1 LIMIT 1[0m  [["id", 1]]
  Rendered eat/index.html.erb within layouts/application (6.6ms)
Completed 200 OK in 41ms (Views: 39.7ms | ActiveRecord: 1.1ms)


Started GET "/eat" for 127.0.0.1 at 2014-10-06 19:45:16 -0700
Processing by EatController#index as HTML
  [1m[35mArticle Load (0.4ms)[0m  SELECT "articles".* FROM "articles"
  [1m[36mUser Load (0.3ms)[0m  [1mSELECT  "users".* FROM "users"  WHERE "users"."id" = $1 LIMIT 1[0m  [["id", 1]]
  [1m[35mUser Load (0.2ms)[0m  SELECT  "users".* FROM "users"  WHERE "users"."id" = $1 LIMIT 1  [["id", 2]]
  [1m[36mCACHE (0.0ms)[0m  [1mSELECT  "users".* FROM "users"  WHERE "users"."id" = $1 LIMIT 1[0m  [["id", 1]]
  [1m[35mCACHE (0.0ms)[0m  SELECT  "users".* FROM "users"  WHERE "users"."id" = $1 LIMIT 1  [["id", 2]]
  [1m[36mCACHE (0.0ms)[0m  [1mSELECT  "users".* FROM "users"  WHERE "users"."id" = $1 LIMIT 1[0m  [["id", 2]]
  [1m[35mCACHE (0.0ms)[0m  SELECT  "users".* FROM "users"  WHERE "users"."id" = $1 LIMIT 1  [["id", 1]]
  Rendered eat/index.html.erb within layouts/application (62.6ms)
Completed 200 OK in 92ms (Views: 90.7ms | ActiveRecord: 1.0ms)


Started GET "/eat" for 127.0.0.1 at 2014-10-06 19:47:48 -0700
Processing by EatController#index as HTML
  [1m[36mArticle Load (0.4ms)[0m  [1mSELECT "articles".* FROM "articles"[0m
  [1m[35mUser Load (0.2ms)[0m  SELECT  "users".* FROM "users"  WHERE "users"."id" = $1 LIMIT 1  [["id", 1]]
  [1m[36mUser Load (0.2ms)[0m  [1mSELECT  "users".* FROM "users"  WHERE "users"."id" = $1 LIMIT 1[0m  [["id", 2]]
  [1m[35mCACHE (0.0ms)[0m  SELECT  "users".* FROM "users"  WHERE "users"."id" = $1 LIMIT 1  [["id", 1]]
  [1m[36mCACHE (0.0ms)[0m  [1mSELECT  "users".* FROM "users"  WHERE "users"."id" = $1 LIMIT 1[0m  [["id", 2]]
  [1m[35mCACHE (0.0ms)[0m  SELECT  "users".* FROM "users"  WHERE "users"."id" = $1 LIMIT 1  [["id", 2]]
  [1m[36mCACHE (0.0ms)[0m  [1mSELECT  "users".* FROM "users"  WHERE "users"."id" = $1 LIMIT 1[0m  [["id", 1]]
  Rendered eat/index.html.erb within layouts/application (5.6ms)
Completed 200 OK in 48ms (Views: 46.9ms | ActiveRecord: 0.8ms)


Started GET "/assets/eat.css?body=1" for 127.0.0.1 at 2014-10-06 19:47:48 -0700


Started GET "/assets/application.css?body=1" for 127.0.0.1 at 2014-10-06 19:47:48 -0700


Started GET "/assets/jquery.js?body=1" for 127.0.0.1 at 2014-10-06 19:47:48 -0700


Started GET "/assets/eat.js?body=1" for 127.0.0.1 at 2014-10-06 19:47:48 -0700


Started GET "/assets/turbolinks.js?body=1" for 127.0.0.1 at 2014-10-06 19:47:48 -0700


Started GET "/assets/jquery_ujs.js?body=1" for 127.0.0.1 at 2014-10-06 19:47:48 -0700


Started GET "/assets/application.js?body=1" for 127.0.0.1 at 2014-10-06 19:47:48 -0700


Started GET "/eat/show" for 127.0.0.1 at 2014-10-06 19:47:50 -0700
Processing by EatController#show as HTML
  Parameters: {"id"=>"show"}
  Rendered eat/show.html.erb within layouts/application (0.6ms)
Completed 500 Internal Server Error in 3ms

SyntaxError (/Users/Ryoma/norenportland/app/views/eat/show.html.erb:2: syntax error, unexpected keyword_do, expecting keyword_end
'.freeze; @articles do |article| 
                      ^):
  app/views/eat/show.html.erb:2: syntax error, unexpected keyword_do, expecting keyword_end


  Rendered /Users/Ryoma/.rvm/gems/ruby-2.1.1/gems/actionpack-4.1.6/lib/action_dispatch/middleware/templates/rescues/_source.erb (0.7ms)
  Rendered /Users/Ryoma/.rvm/gems/ruby-2.1.1/gems/actionpack-4.1.6/lib/action_dispatch/middleware/templates/rescues/_trace.html.erb (1.4ms)
  Rendered /Users/Ryoma/.rvm/gems/ruby-2.1.1/gems/actionpack-4.1.6/lib/action_dispatch/middleware/templates/rescues/_request_and_response.html.erb (0.9ms)
  Rendered /Users/Ryoma/.rvm/gems/ruby-2.1.1/gems/actionpack-4.1.6/lib/action_dispatch/middleware/templates/rescues/diagnostics.erb within rescues/layout (19.2ms)


Started GET "/eat/show" for 127.0.0.1 at 2014-10-06 19:47:50 -0700
Processing by EatController#show as HTML
  Parameters: {"id"=>"show"}
  Rendered eat/show.html.erb within layouts/application (0.7ms)
Completed 500 Internal Server Error in 3ms

SyntaxError (/Users/Ryoma/norenportland/app/views/eat/show.html.erb:2: syntax error, unexpected keyword_do, expecting keyword_end
'.freeze; @articles do |article| 
                      ^):
  app/views/eat/show.html.erb:2: syntax error, unexpected keyword_do, expecting keyword_end


  Rendered /Users/Ryoma/.rvm/gems/ruby-2.1.1/gems/actionpack-4.1.6/lib/action_dispatch/middleware/templates/rescues/_source.erb (1.0ms)
  Rendered /Users/Ryoma/.rvm/gems/ruby-2.1.1/gems/actionpack-4.1.6/lib/action_dispatch/middleware/templates/rescues/_trace.html.erb (1.4ms)
  Rendered /Users/Ryoma/.rvm/gems/ruby-2.1.1/gems/actionpack-4.1.6/lib/action_dispatch/middleware/templates/rescues/_request_and_response.html.erb (0.8ms)
  Rendered /Users/Ryoma/.rvm/gems/ruby-2.1.1/gems/actionpack-4.1.6/lib/action_dispatch/middleware/templates/rescues/diagnostics.erb within rescues/layout (16.9ms)


Started GET "/eat/show" for 127.0.0.1 at 2014-10-06 19:48:26 -0700
Processing by EatController#show as HTML
  Parameters: {"id"=>"show"}
  Rendered eat/show.html.erb within layouts/application (0.5ms)
Completed 500 Internal Server Error in 3ms

SyntaxError (/Users/Ryoma/norenportland/app/views/eat/show.html.erb:2: syntax error, unexpected keyword_do, expecting keyword_end
'.freeze; @articles do |article| 
                      ^):
  app/views/eat/show.html.erb:2: syntax error, unexpected keyword_do, expecting keyword_end


  Rendered /Users/Ryoma/.rvm/gems/ruby-2.1.1/gems/actionpack-4.1.6/lib/action_dispatch/middleware/templates/rescues/_source.erb (0.5ms)
  Rendered /Users/Ryoma/.rvm/gems/ruby-2.1.1/gems/actionpack-4.1.6/lib/action_dispatch/middleware/templates/rescues/_trace.html.erb (1.1ms)
  Rendered /Users/Ryoma/.rvm/gems/ruby-2.1.1/gems/actionpack-4.1.6/lib/action_dispatch/middleware/templates/rescues/_request_and_response.html.erb (0.8ms)
  Rendered /Users/Ryoma/.rvm/gems/ruby-2.1.1/gems/actionpack-4.1.6/lib/action_dispatch/middleware/templates/rescues/diagnostics.erb within rescues/layout (13.4ms)


Started GET "/eat/show" for 127.0.0.1 at 2014-10-06 19:48:27 -0700
Processing by EatController#show as HTML
  Parameters: {"id"=>"show"}
  Rendered eat/show.html.erb within layouts/application (0.4ms)
Completed 500 Internal Server Error in 3ms

SyntaxError (/Users/Ryoma/norenportland/app/views/eat/show.html.erb:2: syntax error, unexpected keyword_do, expecting keyword_end
'.freeze; @articles do |article| 
                      ^):
  app/views/eat/show.html.erb:2: syntax error, unexpected keyword_do, expecting keyword_end


  Rendered /Users/Ryoma/.rvm/gems/ruby-2.1.1/gems/actionpack-4.1.6/lib/action_dispatch/middleware/templates/rescues/_source.erb (0.8ms)
  Rendered /Users/Ryoma/.rvm/gems/ruby-2.1.1/gems/actionpack-4.1.6/lib/action_dispatch/middleware/templates/rescues/_trace.html.erb (1.2ms)
  Rendered /Users/Ryoma/.rvm/gems/ruby-2.1.1/gems/actionpack-4.1.6/lib/action_dispatch/middleware/templates/rescues/_request_and_response.html.erb (0.8ms)
  Rendered /Users/Ryoma/.rvm/gems/ruby-2.1.1/gems/actionpack-4.1.6/lib/action_dispatch/middleware/templates/rescues/diagnostics.erb within rescues/layout (13.8ms)


Started GET "/eat/show" for 127.0.0.1 at 2014-10-06 19:48:31 -0700
Processing by EatController#show as HTML
  Parameters: {"id"=>"show"}
  [1m[35mArticle Load (0.5ms)[0m  SELECT "articles".* FROM "articles"
  Rendered eat/show.html.erb within layouts/application (13.1ms)
Completed 500 Internal Server Error in 15ms

ActionView::Template::Error (undefined local variable or method `article' for #<#<Class:0x00000104a2a1e8>:0x00000106e87a40>):
    2: 
    3: 
    4: 
    5: <h2><%= article.article_title%></h2>
    6: <p><%= article.article_content %></p>
  app/views/eat/show.html.erb:5:in `_app_views_eat_show_html_erb__1715386247015562720_2205430640'


  Rendered /Users/Ryoma/.rvm/gems/ruby-2.1.1/gems/actionpack-4.1.6/lib/action_dispatch/middleware/templates/rescues/_trace.html.erb (1.6ms)
  Rendered /Users/Ryoma/.rvm/gems/ruby-2.1.1/gems/actionpack-4.1.6/lib/action_dispatch/middleware/templates/rescues/_request_and_response.html.erb (0.9ms)
  Rendered /Users/Ryoma/.rvm/gems/ruby-2.1.1/gems/actionpack-4.1.6/lib/action_dispatch/middleware/templates/rescues/template_error.html.erb within rescues/layout (11.7ms)


Started GET "/eat/show" for 127.0.0.1 at 2014-10-06 19:48:55 -0700
Processing by EatController#show as HTML
  Parameters: {"id"=>"show"}
  Rendered eat/show.html.erb within layouts/application (0.3ms)
Completed 200 OK in 32ms (Views: 31.1ms | ActiveRecord: 0.0ms)


Started GET "/assets/eat.css?body=1" for 127.0.0.1 at 2014-10-06 19:48:55 -0700


Started GET "/assets/application.css?body=1" for 127.0.0.1 at 2014-10-06 19:48:55 -0700


Started GET "/assets/jquery.js?body=1" for 127.0.0.1 at 2014-10-06 19:48:55 -0700


Started GET "/assets/jquery_ujs.js?body=1" for 127.0.0.1 at 2014-10-06 19:48:55 -0700


Started GET "/assets/application.js?body=1" for 127.0.0.1 at 2014-10-06 19:48:55 -0700


Started GET "/assets/eat.js?body=1" for 127.0.0.1 at 2014-10-06 19:48:55 -0700


Started GET "/assets/turbolinks.js?body=1" for 127.0.0.1 at 2014-10-06 19:48:55 -0700


Started GET "/eat/show" for 127.0.0.1 at 2014-10-06 19:49:00 -0700
Processing by EatController#show as HTML
  Parameters: {"id"=>"show"}
  Rendered eat/show.html.erb within layouts/application (0.3ms)
Completed 200 OK in 32ms (Views: 31.7ms | ActiveRecord: 0.0ms)


Started GET "/eat/show" for 127.0.0.1 at 2014-10-06 19:49:02 -0700
Processing by EatController#show as HTML
  Parameters: {"id"=>"show"}
  Rendered eat/show.html.erb within layouts/application (0.1ms)
Completed 200 OK in 32ms (Views: 31.6ms | ActiveRecord: 0.0ms)


Started GET "/eat/show" for 127.0.0.1 at 2014-10-06 19:49:04 -0700
Processing by EatController#show as HTML
  Parameters: {"id"=>"show"}
  Rendered eat/show.html.erb within layouts/application (0.1ms)
Completed 200 OK in 53ms (Views: 52.5ms | ActiveRecord: 0.0ms)


Started GET "/eat/show" for 127.0.0.1 at 2014-10-06 19:49:09 -0700
Processing by EatController#show as HTML
  Parameters: {"id"=>"show"}
  Rendered eat/show.html.erb within layouts/application (0.0ms)
Completed 200 OK in 37ms (Views: 36.3ms | ActiveRecord: 0.0ms)


Started GET "/eat/show" for 127.0.0.1 at 2014-10-06 19:50:01 -0700
Processing by EatController#show as HTML
  Parameters: {"id"=>"show"}
  Rendered eat/show.html.erb within layouts/application (0.6ms)
Completed 500 Internal Server Error in 3ms

SyntaxError (/Users/Ryoma/norenportland/app/views/eat/show.html.erb:1: syntax error, unexpected keyword_do, expecting keyword_end
...:OutputBuffer.new; @articles do |article| 
...                               ^
/Users/Ryoma/norenportland/app/views/eat/show.html.erb:7: syntax error, unexpected keyword_ensure, expecting end-of-input):
  app/views/eat/show.html.erb:1: syntax error, unexpected keyword_do, expecting keyword_end
  app/views/eat/show.html.erb:7: syntax error, unexpected keyword_ensure, expecting end-of-input


  Rendered /Users/Ryoma/.rvm/gems/ruby-2.1.1/gems/actionpack-4.1.6/lib/action_dispatch/middleware/templates/rescues/_source.erb (1.1ms)
  Rendered /Users/Ryoma/.rvm/gems/ruby-2.1.1/gems/actionpack-4.1.6/lib/action_dispatch/middleware/templates/rescues/_trace.html.erb (1.5ms)
  Rendered /Users/Ryoma/.rvm/gems/ruby-2.1.1/gems/actionpack-4.1.6/lib/action_dispatch/middleware/templates/rescues/_request_and_response.html.erb (1.6ms)
  Rendered /Users/Ryoma/.rvm/gems/ruby-2.1.1/gems/actionpack-4.1.6/lib/action_dispatch/middleware/templates/rescues/diagnostics.erb within rescues/layout (18.6ms)


Started GET "/eat/show" for 127.0.0.1 at 2014-10-06 19:50:01 -0700
Processing by EatController#show as HTML
  Parameters: {"id"=>"show"}
  Rendered eat/show.html.erb within layouts/application (0.9ms)
Completed 500 Internal Server Error in 4ms

SyntaxError (/Users/Ryoma/norenportland/app/views/eat/show.html.erb:1: syntax error, unexpected keyword_do, expecting keyword_end
...:OutputBuffer.new; @articles do |article| 
...                               ^
/Users/Ryoma/norenportland/app/views/eat/show.html.erb:7: syntax error, unexpected keyword_ensure, expecting end-of-input):
  app/views/eat/show.html.erb:1: syntax error, unexpected keyword_do, expecting keyword_end
  app/views/eat/show.html.erb:7: syntax error, unexpected keyword_ensure, expecting end-of-input


  Rendered /Users/Ryoma/.rvm/gems/ruby-2.1.1/gems/actionpack-4.1.6/lib/action_dispatch/middleware/templates/rescues/_source.erb (1.6ms)
  Rendered /Users/Ryoma/.rvm/gems/ruby-2.1.1/gems/actionpack-4.1.6/lib/action_dispatch/middleware/templates/rescues/_trace.html.erb (1.4ms)
  Rendered /Users/Ryoma/.rvm/gems/ruby-2.1.1/gems/actionpack-4.1.6/lib/action_dispatch/middleware/templates/rescues/_request_and_response.html.erb (0.9ms)
  Rendered /Users/Ryoma/.rvm/gems/ruby-2.1.1/gems/actionpack-4.1.6/lib/action_dispatch/middleware/templates/rescues/diagnostics.erb within rescues/layout (17.3ms)


Started GET "/eat/show" for 127.0.0.1 at 2014-10-06 19:50:10 -0700
Processing by EatController#show as HTML
  Parameters: {"id"=>"show"}
  [1m[36mArticle Load (0.4ms)[0m  [1mSELECT "articles".* FROM "articles"[0m
  Rendered eat/show.html.erb within layouts/application (1.8ms)
Completed 200 OK in 42ms (Views: 40.1ms | ActiveRecord: 0.4ms)


Started GET "/assets/eat.css?body=1" for 127.0.0.1 at 2014-10-06 19:50:11 -0700


Started GET "/assets/application.css?body=1" for 127.0.0.1 at 2014-10-06 19:50:11 -0700


Started GET "/assets/turbolinks.js?body=1" for 127.0.0.1 at 2014-10-06 19:50:11 -0700


Started GET "/assets/jquery_ujs.js?body=1" for 127.0.0.1 at 2014-10-06 19:50:11 -0700


Started GET "/assets/eat.js?body=1" for 127.0.0.1 at 2014-10-06 19:50:11 -0700


Started GET "/assets/jquery.js?body=1" for 127.0.0.1 at 2014-10-06 19:50:11 -0700


Started GET "/assets/application.js?body=1" for 127.0.0.1 at 2014-10-06 19:50:11 -0700


Started GET "/eat/show" for 127.0.0.1 at 2014-10-06 19:50:15 -0700
Processing by EatController#show as HTML
  Parameters: {"id"=>"show"}
  [1m[35mArticle Load (0.5ms)[0m  SELECT "articles".* FROM "articles"
  Rendered eat/show.html.erb within layouts/application (1.6ms)
Completed 200 OK in 43ms (Views: 41.8ms | ActiveRecord: 0.5ms)


Started GET "/eat/show" for 127.0.0.1 at 2014-10-06 19:50:33 -0700
Processing by EatController#show as HTML
  Parameters: {"id"=>"show"}
  [1m[36mArticle Load (0.6ms)[0m  [1mSELECT "articles".* FROM "articles"[0m
  Rendered eat/show.html.erb within layouts/application (1.7ms)
Completed 200 OK in 41ms (Views: 39.2ms | ActiveRecord: 0.6ms)


Started GET "/home" for 127.0.0.1 at 2014-10-06 23:34:46 -0700
  [1m[36mActiveRecord::SchemaMigration Load (0.6ms)[0m  [1mSELECT "schema_migrations".* FROM "schema_migrations"[0m
Processing by HomeController#index as HTML
  Rendered home/index.html.erb within layouts/application (0.9ms)
Completed 200 OK in 850ms (Views: 841.9ms | ActiveRecord: 0.0ms)


Started GET "/assets/other.css?body=1" for 127.0.0.1 at 2014-10-06 23:34:47 -0700


Started GET "/assets/colum.css?body=1" for 127.0.0.1 at 2014-10-06 23:34:47 -0700


Started GET "/assets/enjoy.css?body=1" for 127.0.0.1 at 2014-10-06 23:34:47 -0700


Started GET "/assets/general.css?body=1" for 127.0.0.1 at 2014-10-06 23:34:47 -0700


Started GET "/assets/home.css?body=1" for 127.0.0.1 at 2014-10-06 23:34:47 -0700


Started GET "/assets/shop.css?body=1" for 127.0.0.1 at 2014-10-06 23:34:47 -0700


Started GET "/assets/about.css?body=1" for 127.0.0.1 at 2014-10-06 23:34:47 -0700


Started GET "/assets/spot.css?body=1" for 127.0.0.1 at 2014-10-06 23:34:47 -0700


Started GET "/assets/application.css?body=1" for 127.0.0.1 at 2014-10-06 23:34:47 -0700


Started GET "/assets/eat.css?body=1" for 127.0.0.1 at 2014-10-06 23:34:47 -0700


Started GET "/assets/jquery_ujs.js?body=1" for 127.0.0.1 at 2014-10-06 23:34:47 -0700


Started GET "/assets/colum.js?body=1" for 127.0.0.1 at 2014-10-06 23:34:47 -0700


Started GET "/assets/jquery.js?body=1" for 127.0.0.1 at 2014-10-06 23:34:47 -0700


Started GET "/assets/about.js?body=1" for 127.0.0.1 at 2014-10-06 23:34:47 -0700


Started GET "/assets/enjoy.js?body=1" for 127.0.0.1 at 2014-10-06 23:34:47 -0700


Started GET "/assets/general.js?body=1" for 127.0.0.1 at 2014-10-06 23:34:47 -0700


Started GET "/assets/turbolinks.js?body=1" for 127.0.0.1 at 2014-10-06 23:34:47 -0700


Started GET "/assets/eat.js?body=1" for 127.0.0.1 at 2014-10-06 23:34:47 -0700


Started GET "/assets/home.js?body=1" for 127.0.0.1 at 2014-10-06 23:34:47 -0700


Started GET "/assets/shop.js?body=1" for 127.0.0.1 at 2014-10-06 23:34:47 -0700


Started GET "/assets/spot.js?body=1" for 127.0.0.1 at 2014-10-06 23:34:47 -0700


Started GET "/assets/other.js?body=1" for 127.0.0.1 at 2014-10-06 23:34:47 -0700


Started GET "/assets/application.js?body=1" for 127.0.0.1 at 2014-10-06 23:34:47 -0700


Started GET "/eat_index_path" for 127.0.0.1 at 2014-10-06 23:34:49 -0700

ActionController::RoutingError (No route matches [GET] "/eat_index_path"):
  actionpack (4.1.6) lib/action_dispatch/middleware/debug_exceptions.rb:21:in `call'
  actionpack (4.1.6) lib/action_dispatch/middleware/show_exceptions.rb:30:in `call'
  railties (4.1.6) lib/rails/rack/logger.rb:38:in `call_app'
  railties (4.1.6) lib/rails/rack/logger.rb:20:in `block in call'
  activesupport (4.1.6) lib/active_support/tagged_logging.rb:68:in `block in tagged'
  activesupport (4.1.6) lib/active_support/tagged_logging.rb:26:in `tagged'
  activesupport (4.1.6) lib/active_support/tagged_logging.rb:68:in `tagged'
  railties (4.1.6) lib/rails/rack/logger.rb:20:in `call'
  actionpack (4.1.6) lib/action_dispatch/middleware/request_id.rb:21:in `call'
  rack (1.5.2) lib/rack/methodoverride.rb:21:in `call'
  rack (1.5.2) lib/rack/runtime.rb:17:in `call'
  activesupport (4.1.6) lib/active_support/cache/strategy/local_cache_middleware.rb:26:in `call'
  rack (1.5.2) lib/rack/lock.rb:17:in `call'
  actionpack (4.1.6) lib/action_dispatch/middleware/static.rb:64:in `call'
  rack (1.5.2) lib/rack/sendfile.rb:112:in `call'
  railties (4.1.6) lib/rails/engine.rb:514:in `call'
  railties (4.1.6) lib/rails/application.rb:144:in `call'
  rack (1.5.2) lib/rack/lock.rb:17:in `call'
  rack (1.5.2) lib/rack/content_length.rb:14:in `call'
  rack (1.5.2) lib/rack/handler/webrick.rb:60:in `service'
  /Users/Ryoma/.rvm/rubies/ruby-2.1.1/lib/ruby/2.1.0/webrick/httpserver.rb:138:in `service'
  /Users/Ryoma/.rvm/rubies/ruby-2.1.1/lib/ruby/2.1.0/webrick/httpserver.rb:94:in `run'
  /Users/Ryoma/.rvm/rubies/ruby-2.1.1/lib/ruby/2.1.0/webrick/server.rb:295:in `block in start_thread'


  Rendered /Users/Ryoma/.rvm/gems/ruby-2.1.1/gems/actionpack-4.1.6/lib/action_dispatch/middleware/templates/rescues/_trace.html.erb (1.5ms)
  Rendered /Users/Ryoma/.rvm/gems/ruby-2.1.1/gems/actionpack-4.1.6/lib/action_dispatch/middleware/templates/routes/_route.html.erb (8.3ms)
  Rendered /Users/Ryoma/.rvm/gems/ruby-2.1.1/gems/actionpack-4.1.6/lib/action_dispatch/middleware/templates/routes/_table.html.erb (6.0ms)
  Rendered /Users/Ryoma/.rvm/gems/ruby-2.1.1/gems/actionpack-4.1.6/lib/action_dispatch/middleware/templates/rescues/routing_error.html.erb within rescues/layout (63.4ms)


Started GET "/eat_index_path" for 127.0.0.1 at 2014-10-06 23:34:49 -0700

ActionController::RoutingError (No route matches [GET] "/eat_index_path"):
  actionpack (4.1.6) lib/action_dispatch/middleware/debug_exceptions.rb:21:in `call'
  actionpack (4.1.6) lib/action_dispatch/middleware/show_exceptions.rb:30:in `call'
  railties (4.1.6) lib/rails/rack/logger.rb:38:in `call_app'
  railties (4.1.6) lib/rails/rack/logger.rb:20:in `block in call'
  activesupport (4.1.6) lib/active_support/tagged_logging.rb:68:in `block in tagged'
  activesupport (4.1.6) lib/active_support/tagged_logging.rb:26:in `tagged'
  activesupport (4.1.6) lib/active_support/tagged_logging.rb:68:in `tagged'
  railties (4.1.6) lib/rails/rack/logger.rb:20:in `call'
  actionpack (4.1.6) lib/action_dispatch/middleware/request_id.rb:21:in `call'
  rack (1.5.2) lib/rack/methodoverride.rb:21:in `call'
  rack (1.5.2) lib/rack/runtime.rb:17:in `call'
  activesupport (4.1.6) lib/active_support/cache/strategy/local_cache_middleware.rb:26:in `call'
  rack (1.5.2) lib/rack/lock.rb:17:in `call'
  actionpack (4.1.6) lib/action_dispatch/middleware/static.rb:64:in `call'
  rack (1.5.2) lib/rack/sendfile.rb:112:in `call'
  railties (4.1.6) lib/rails/engine.rb:514:in `call'
  railties (4.1.6) lib/rails/application.rb:144:in `call'
  rack (1.5.2) lib/rack/lock.rb:17:in `call'
  rack (1.5.2) lib/rack/content_length.rb:14:in `call'
  rack (1.5.2) lib/rack/handler/webrick.rb:60:in `service'
  /Users/Ryoma/.rvm/rubies/ruby-2.1.1/lib/ruby/2.1.0/webrick/httpserver.rb:138:in `service'
  /Users/Ryoma/.rvm/rubies/ruby-2.1.1/lib/ruby/2.1.0/webrick/httpserver.rb:94:in `run'
  /Users/Ryoma/.rvm/rubies/ruby-2.1.1/lib/ruby/2.1.0/webrick/server.rb:295:in `block in start_thread'


  Rendered /Users/Ryoma/.rvm/gems/ruby-2.1.1/gems/actionpack-4.1.6/lib/action_dispatch/middleware/templates/rescues/_trace.html.erb (1.1ms)
  Rendered /Users/Ryoma/.rvm/gems/ruby-2.1.1/gems/actionpack-4.1.6/lib/action_dispatch/middleware/templates/routes/_route.html.erb (10.9ms)
  Rendered /Users/Ryoma/.rvm/gems/ruby-2.1.1/gems/actionpack-4.1.6/lib/action_dispatch/middleware/templates/routes/_table.html.erb (1.1ms)
  Rendered /Users/Ryoma/.rvm/gems/ruby-2.1.1/gems/actionpack-4.1.6/lib/action_dispatch/middleware/templates/rescues/routing_error.html.erb within rescues/layout (52.7ms)


Started GET "/shop_index_path" for 127.0.0.1 at 2014-10-06 23:35:10 -0700

ActionController::RoutingError (No route matches [GET] "/shop_index_path"):
  actionpack (4.1.6) lib/action_dispatch/middleware/debug_exceptions.rb:21:in `call'
  actionpack (4.1.6) lib/action_dispatch/middleware/show_exceptions.rb:30:in `call'
  railties (4.1.6) lib/rails/rack/logger.rb:38:in `call_app'
  railties (4.1.6) lib/rails/rack/logger.rb:20:in `block in call'
  activesupport (4.1.6) lib/active_support/tagged_logging.rb:68:in `block in tagged'
  activesupport (4.1.6) lib/active_support/tagged_logging.rb:26:in `tagged'
  activesupport (4.1.6) lib/active_support/tagged_logging.rb:68:in `tagged'
  railties (4.1.6) lib/rails/rack/logger.rb:20:in `call'
  actionpack (4.1.6) lib/action_dispatch/middleware/request_id.rb:21:in `call'
  rack (1.5.2) lib/rack/methodoverride.rb:21:in `call'
  rack (1.5.2) lib/rack/runtime.rb:17:in `call'
  activesupport (4.1.6) lib/active_support/cache/strategy/local_cache_middleware.rb:26:in `call'
  rack (1.5.2) lib/rack/lock.rb:17:in `call'
  actionpack (4.1.6) lib/action_dispatch/middleware/static.rb:64:in `call'
  rack (1.5.2) lib/rack/sendfile.rb:112:in `call'
  railties (4.1.6) lib/rails/engine.rb:514:in `call'
  railties (4.1.6) lib/rails/application.rb:144:in `call'
  rack (1.5.2) lib/rack/lock.rb:17:in `call'
  rack (1.5.2) lib/rack/content_length.rb:14:in `call'
  rack (1.5.2) lib/rack/handler/webrick.rb:60:in `service'
  /Users/Ryoma/.rvm/rubies/ruby-2.1.1/lib/ruby/2.1.0/webrick/httpserver.rb:138:in `service'
  /Users/Ryoma/.rvm/rubies/ruby-2.1.1/lib/ruby/2.1.0/webrick/httpserver.rb:94:in `run'
  /Users/Ryoma/.rvm/rubies/ruby-2.1.1/lib/ruby/2.1.0/webrick/server.rb:295:in `block in start_thread'


  Rendered /Users/Ryoma/.rvm/gems/ruby-2.1.1/gems/actionpack-4.1.6/lib/action_dispatch/middleware/templates/rescues/_trace.html.erb (1.0ms)
  Rendered /Users/Ryoma/.rvm/gems/ruby-2.1.1/gems/actionpack-4.1.6/lib/action_dispatch/middleware/templates/routes/_route.html.erb (8.1ms)
  Rendered /Users/Ryoma/.rvm/gems/ruby-2.1.1/gems/actionpack-4.1.6/lib/action_dispatch/middleware/templates/routes/_table.html.erb (1.1ms)
  Rendered /Users/Ryoma/.rvm/gems/ruby-2.1.1/gems/actionpack-4.1.6/lib/action_dispatch/middleware/templates/rescues/routing_error.html.erb within rescues/layout (50.4ms)


Started GET "/shop_index_path" for 127.0.0.1 at 2014-10-06 23:35:10 -0700

ActionController::RoutingError (No route matches [GET] "/shop_index_path"):
  actionpack (4.1.6) lib/action_dispatch/middleware/debug_exceptions.rb:21:in `call'
  actionpack (4.1.6) lib/action_dispatch/middleware/show_exceptions.rb:30:in `call'
  railties (4.1.6) lib/rails/rack/logger.rb:38:in `call_app'
  railties (4.1.6) lib/rails/rack/logger.rb:20:in `block in call'
  activesupport (4.1.6) lib/active_support/tagged_logging.rb:68:in `block in tagged'
  activesupport (4.1.6) lib/active_support/tagged_logging.rb:26:in `tagged'
  activesupport (4.1.6) lib/active_support/tagged_logging.rb:68:in `tagged'
  railties (4.1.6) lib/rails/rack/logger.rb:20:in `call'
  actionpack (4.1.6) lib/action_dispatch/middleware/request_id.rb:21:in `call'
  rack (1.5.2) lib/rack/methodoverride.rb:21:in `call'
  rack (1.5.2) lib/rack/runtime.rb:17:in `call'
  activesupport (4.1.6) lib/active_support/cache/strategy/local_cache_middleware.rb:26:in `call'
  rack (1.5.2) lib/rack/lock.rb:17:in `call'
  actionpack (4.1.6) lib/action_dispatch/middleware/static.rb:64:in `call'
  rack (1.5.2) lib/rack/sendfile.rb:112:in `call'
  railties (4.1.6) lib/rails/engine.rb:514:in `call'
  railties (4.1.6) lib/rails/application.rb:144:in `call'
  rack (1.5.2) lib/rack/lock.rb:17:in `call'
  rack (1.5.2) lib/rack/content_length.rb:14:in `call'
  rack (1.5.2) lib/rack/handler/webrick.rb:60:in `service'
  /Users/Ryoma/.rvm/rubies/ruby-2.1.1/lib/ruby/2.1.0/webrick/httpserver.rb:138:in `service'
  /Users/Ryoma/.rvm/rubies/ruby-2.1.1/lib/ruby/2.1.0/webrick/httpserver.rb:94:in `run'
  /Users/Ryoma/.rvm/rubies/ruby-2.1.1/lib/ruby/2.1.0/webrick/server.rb:295:in `block in start_thread'


  Rendered /Users/Ryoma/.rvm/gems/ruby-2.1.1/gems/actionpack-4.1.6/lib/action_dispatch/middleware/templates/rescues/_trace.html.erb (1.3ms)
  Rendered /Users/Ryoma/.rvm/gems/ruby-2.1.1/gems/actionpack-4.1.6/lib/action_dispatch/middleware/templates/routes/_route.html.erb (9.7ms)
  Rendered /Users/Ryoma/.rvm/gems/ruby-2.1.1/gems/actionpack-4.1.6/lib/action_dispatch/middleware/templates/routes/_table.html.erb (1.1ms)
  Rendered /Users/Ryoma/.rvm/gems/ruby-2.1.1/gems/actionpack-4.1.6/lib/action_dispatch/middleware/templates/rescues/routing_error.html.erb within rescues/layout (54.2ms)


Started GET "/eat_index_path" for 127.0.0.1 at 2014-10-06 23:35:17 -0700

ActionController::RoutingError (No route matches [GET] "/eat_index_path"):
  actionpack (4.1.6) lib/action_dispatch/middleware/debug_exceptions.rb:21:in `call'
  actionpack (4.1.6) lib/action_dispatch/middleware/show_exceptions.rb:30:in `call'
  railties (4.1.6) lib/rails/rack/logger.rb:38:in `call_app'
  railties (4.1.6) lib/rails/rack/logger.rb:20:in `block in call'
  activesupport (4.1.6) lib/active_support/tagged_logging.rb:68:in `block in tagged'
  activesupport (4.1.6) lib/active_support/tagged_logging.rb:26:in `tagged'
  activesupport (4.1.6) lib/active_support/tagged_logging.rb:68:in `tagged'
  railties (4.1.6) lib/rails/rack/logger.rb:20:in `call'
  actionpack (4.1.6) lib/action_dispatch/middleware/request_id.rb:21:in `call'
  rack (1.5.2) lib/rack/methodoverride.rb:21:in `call'
  rack (1.5.2) lib/rack/runtime.rb:17:in `call'
  activesupport (4.1.6) lib/active_support/cache/strategy/local_cache_middleware.rb:26:in `call'
  rack (1.5.2) lib/rack/lock.rb:17:in `call'
  actionpack (4.1.6) lib/action_dispatch/middleware/static.rb:64:in `call'
  rack (1.5.2) lib/rack/sendfile.rb:112:in `call'
  railties (4.1.6) lib/rails/engine.rb:514:in `call'
  railties (4.1.6) lib/rails/application.rb:144:in `call'
  rack (1.5.2) lib/rack/lock.rb:17:in `call'
  rack (1.5.2) lib/rack/content_length.rb:14:in `call'
  rack (1.5.2) lib/rack/handler/webrick.rb:60:in `service'
  /Users/Ryoma/.rvm/rubies/ruby-2.1.1/lib/ruby/2.1.0/webrick/httpserver.rb:138:in `service'
  /Users/Ryoma/.rvm/rubies/ruby-2.1.1/lib/ruby/2.1.0/webrick/httpserver.rb:94:in `run'
  /Users/Ryoma/.rvm/rubies/ruby-2.1.1/lib/ruby/2.1.0/webrick/server.rb:295:in `block in start_thread'


  Rendered /Users/Ryoma/.rvm/gems/ruby-2.1.1/gems/actionpack-4.1.6/lib/action_dispatch/middleware/templates/rescues/_trace.html.erb (1.2ms)
  Rendered /Users/Ryoma/.rvm/gems/ruby-2.1.1/gems/actionpack-4.1.6/lib/action_dispatch/middleware/templates/routes/_route.html.erb (8.9ms)
  Rendered /Users/Ryoma/.rvm/gems/ruby-2.1.1/gems/actionpack-4.1.6/lib/action_dispatch/middleware/templates/routes/_table.html.erb (1.4ms)
  Rendered /Users/Ryoma/.rvm/gems/ruby-2.1.1/gems/actionpack-4.1.6/lib/action_dispatch/middleware/templates/rescues/routing_error.html.erb within rescues/layout (63.3ms)


Started GET "/eat_index_path" for 127.0.0.1 at 2014-10-06 23:35:17 -0700

ActionController::RoutingError (No route matches [GET] "/eat_index_path"):
  actionpack (4.1.6) lib/action_dispatch/middleware/debug_exceptions.rb:21:in `call'
  actionpack (4.1.6) lib/action_dispatch/middleware/show_exceptions.rb:30:in `call'
  railties (4.1.6) lib/rails/rack/logger.rb:38:in `call_app'
  railties (4.1.6) lib/rails/rack/logger.rb:20:in `block in call'
  activesupport (4.1.6) lib/active_support/tagged_logging.rb:68:in `block in tagged'
  activesupport (4.1.6) lib/active_support/tagged_logging.rb:26:in `tagged'
  activesupport (4.1.6) lib/active_support/tagged_logging.rb:68:in `tagged'
  railties (4.1.6) lib/rails/rack/logger.rb:20:in `call'
  actionpack (4.1.6) lib/action_dispatch/middleware/request_id.rb:21:in `call'
  rack (1.5.2) lib/rack/methodoverride.rb:21:in `call'
  rack (1.5.2) lib/rack/runtime.rb:17:in `call'
  activesupport (4.1.6) lib/active_support/cache/strategy/local_cache_middleware.rb:26:in `call'
  rack (1.5.2) lib/rack/lock.rb:17:in `call'
  actionpack (4.1.6) lib/action_dispatch/middleware/static.rb:64:in `call'
  rack (1.5.2) lib/rack/sendfile.rb:112:in `call'
  railties (4.1.6) lib/rails/engine.rb:514:in `call'
  railties (4.1.6) lib/rails/application.rb:144:in `call'
  rack (1.5.2) lib/rack/lock.rb:17:in `call'
  rack (1.5.2) lib/rack/content_length.rb:14:in `call'
  rack (1.5.2) lib/rack/handler/webrick.rb:60:in `service'
  /Users/Ryoma/.rvm/rubies/ruby-2.1.1/lib/ruby/2.1.0/webrick/httpserver.rb:138:in `service'
  /Users/Ryoma/.rvm/rubies/ruby-2.1.1/lib/ruby/2.1.0/webrick/httpserver.rb:94:in `run'
  /Users/Ryoma/.rvm/rubies/ruby-2.1.1/lib/ruby/2.1.0/webrick/server.rb:295:in `block in start_thread'


  Rendered /Users/Ryoma/.rvm/gems/ruby-2.1.1/gems/actionpack-4.1.6/lib/action_dispatch/middleware/templates/rescues/_trace.html.erb (1.7ms)
  Rendered /Users/Ryoma/.rvm/gems/ruby-2.1.1/gems/actionpack-4.1.6/lib/action_dispatch/middleware/templates/routes/_route.html.erb (8.8ms)
  Rendered /Users/Ryoma/.rvm/gems/ruby-2.1.1/gems/actionpack-4.1.6/lib/action_dispatch/middleware/templates/routes/_table.html.erb (1.2ms)
  Rendered /Users/Ryoma/.rvm/gems/ruby-2.1.1/gems/actionpack-4.1.6/lib/action_dispatch/middleware/templates/rescues/routing_error.html.erb within rescues/layout (67.2ms)


Started GET "/spot_index_path" for 127.0.0.1 at 2014-10-06 23:35:29 -0700

ActionController::RoutingError (No route matches [GET] "/spot_index_path"):
  actionpack (4.1.6) lib/action_dispatch/middleware/debug_exceptions.rb:21:in `call'
  actionpack (4.1.6) lib/action_dispatch/middleware/show_exceptions.rb:30:in `call'
  railties (4.1.6) lib/rails/rack/logger.rb:38:in `call_app'
  railties (4.1.6) lib/rails/rack/logger.rb:20:in `block in call'
  activesupport (4.1.6) lib/active_support/tagged_logging.rb:68:in `block in tagged'
  activesupport (4.1.6) lib/active_support/tagged_logging.rb:26:in `tagged'
  activesupport (4.1.6) lib/active_support/tagged_logging.rb:68:in `tagged'
  railties (4.1.6) lib/rails/rack/logger.rb:20:in `call'
  actionpack (4.1.6) lib/action_dispatch/middleware/request_id.rb:21:in `call'
  rack (1.5.2) lib/rack/methodoverride.rb:21:in `call'
  rack (1.5.2) lib/rack/runtime.rb:17:in `call'
  activesupport (4.1.6) lib/active_support/cache/strategy/local_cache_middleware.rb:26:in `call'
  rack (1.5.2) lib/rack/lock.rb:17:in `call'
  actionpack (4.1.6) lib/action_dispatch/middleware/static.rb:64:in `call'
  rack (1.5.2) lib/rack/sendfile.rb:112:in `call'
  railties (4.1.6) lib/rails/engine.rb:514:in `call'
  railties (4.1.6) lib/rails/application.rb:144:in `call'
  rack (1.5.2) lib/rack/lock.rb:17:in `call'
  rack (1.5.2) lib/rack/content_length.rb:14:in `call'
  rack (1.5.2) lib/rack/handler/webrick.rb:60:in `service'
  /Users/Ryoma/.rvm/rubies/ruby-2.1.1/lib/ruby/2.1.0/webrick/httpserver.rb:138:in `service'
  /Users/Ryoma/.rvm/rubies/ruby-2.1.1/lib/ruby/2.1.0/webrick/httpserver.rb:94:in `run'
  /Users/Ryoma/.rvm/rubies/ruby-2.1.1/lib/ruby/2.1.0/webrick/server.rb:295:in `block in start_thread'


  Rendered /Users/Ryoma/.rvm/gems/ruby-2.1.1/gems/actionpack-4.1.6/lib/action_dispatch/middleware/templates/rescues/_trace.html.erb (1.1ms)
  Rendered /Users/Ryoma/.rvm/gems/ruby-2.1.1/gems/actionpack-4.1.6/lib/action_dispatch/middleware/templates/routes/_route.html.erb (8.4ms)
  Rendered /Users/Ryoma/.rvm/gems/ruby-2.1.1/gems/actionpack-4.1.6/lib/action_dispatch/middleware/templates/routes/_table.html.erb (1.1ms)
  Rendered /Users/Ryoma/.rvm/gems/ruby-2.1.1/gems/actionpack-4.1.6/lib/action_dispatch/middleware/templates/rescues/routing_error.html.erb within rescues/layout (53.6ms)


Started GET "/spot_index_path" for 127.0.0.1 at 2014-10-06 23:35:29 -0700

ActionController::RoutingError (No route matches [GET] "/spot_index_path"):
  actionpack (4.1.6) lib/action_dispatch/middleware/debug_exceptions.rb:21:in `call'
  actionpack (4.1.6) lib/action_dispatch/middleware/show_exceptions.rb:30:in `call'
  railties (4.1.6) lib/rails/rack/logger.rb:38:in `call_app'
  railties (4.1.6) lib/rails/rack/logger.rb:20:in `block in call'
  activesupport (4.1.6) lib/active_support/tagged_logging.rb:68:in `block in tagged'
  activesupport (4.1.6) lib/active_support/tagged_logging.rb:26:in `tagged'
  activesupport (4.1.6) lib/active_support/tagged_logging.rb:68:in `tagged'
  railties (4.1.6) lib/rails/rack/logger.rb:20:in `call'
  actionpack (4.1.6) lib/action_dispatch/middleware/request_id.rb:21:in `call'
  rack (1.5.2) lib/rack/methodoverride.rb:21:in `call'
  rack (1.5.2) lib/rack/runtime.rb:17:in `call'
  activesupport (4.1.6) lib/active_support/cache/strategy/local_cache_middleware.rb:26:in `call'
  rack (1.5.2) lib/rack/lock.rb:17:in `call'
  actionpack (4.1.6) lib/action_dispatch/middleware/static.rb:64:in `call'
  rack (1.5.2) lib/rack/sendfile.rb:112:in `call'
  railties (4.1.6) lib/rails/engine.rb:514:in `call'
  railties (4.1.6) lib/rails/application.rb:144:in `call'
  rack (1.5.2) lib/rack/lock.rb:17:in `call'
  rack (1.5.2) lib/rack/content_length.rb:14:in `call'
  rack (1.5.2) lib/rack/handler/webrick.rb:60:in `service'
  /Users/Ryoma/.rvm/rubies/ruby-2.1.1/lib/ruby/2.1.0/webrick/httpserver.rb:138:in `service'
  /Users/Ryoma/.rvm/rubies/ruby-2.1.1/lib/ruby/2.1.0/webrick/httpserver.rb:94:in `run'
  /Users/Ryoma/.rvm/rubies/ruby-2.1.1/lib/ruby/2.1.0/webrick/server.rb:295:in `block in start_thread'


  Rendered /Users/Ryoma/.rvm/gems/ruby-2.1.1/gems/actionpack-4.1.6/lib/action_dispatch/middleware/templates/rescues/_trace.html.erb (1.1ms)
  Rendered /Users/Ryoma/.rvm/gems/ruby-2.1.1/gems/actionpack-4.1.6/lib/action_dispatch/middleware/templates/routes/_route.html.erb (8.4ms)
  Rendered /Users/Ryoma/.rvm/gems/ruby-2.1.1/gems/actionpack-4.1.6/lib/action_dispatch/middleware/templates/routes/_table.html.erb (1.3ms)
  Rendered /Users/Ryoma/.rvm/gems/ruby-2.1.1/gems/actionpack-4.1.6/lib/action_dispatch/middleware/templates/rescues/routing_error.html.erb within rescues/layout (51.6ms)


Started GET "/enjoy_index_path" for 127.0.0.1 at 2014-10-06 23:35:32 -0700

ActionController::RoutingError (No route matches [GET] "/enjoy_index_path"):
  actionpack (4.1.6) lib/action_dispatch/middleware/debug_exceptions.rb:21:in `call'
  actionpack (4.1.6) lib/action_dispatch/middleware/show_exceptions.rb:30:in `call'
  railties (4.1.6) lib/rails/rack/logger.rb:38:in `call_app'
  railties (4.1.6) lib/rails/rack/logger.rb:20:in `block in call'
  activesupport (4.1.6) lib/active_support/tagged_logging.rb:68:in `block in tagged'
  activesupport (4.1.6) lib/active_support/tagged_logging.rb:26:in `tagged'
  activesupport (4.1.6) lib/active_support/tagged_logging.rb:68:in `tagged'
  railties (4.1.6) lib/rails/rack/logger.rb:20:in `call'
  actionpack (4.1.6) lib/action_dispatch/middleware/request_id.rb:21:in `call'
  rack (1.5.2) lib/rack/methodoverride.rb:21:in `call'
  rack (1.5.2) lib/rack/runtime.rb:17:in `call'
  activesupport (4.1.6) lib/active_support/cache/strategy/local_cache_middleware.rb:26:in `call'
  rack (1.5.2) lib/rack/lock.rb:17:in `call'
  actionpack (4.1.6) lib/action_dispatch/middleware/static.rb:64:in `call'
  rack (1.5.2) lib/rack/sendfile.rb:112:in `call'
  railties (4.1.6) lib/rails/engine.rb:514:in `call'
  railties (4.1.6) lib/rails/application.rb:144:in `call'
  rack (1.5.2) lib/rack/lock.rb:17:in `call'
  rack (1.5.2) lib/rack/content_length.rb:14:in `call'
  rack (1.5.2) lib/rack/handler/webrick.rb:60:in `service'
  /Users/Ryoma/.rvm/rubies/ruby-2.1.1/lib/ruby/2.1.0/webrick/httpserver.rb:138:in `service'
  /Users/Ryoma/.rvm/rubies/ruby-2.1.1/lib/ruby/2.1.0/webrick/httpserver.rb:94:in `run'
  /Users/Ryoma/.rvm/rubies/ruby-2.1.1/lib/ruby/2.1.0/webrick/server.rb:295:in `block in start_thread'


  Rendered /Users/Ryoma/.rvm/gems/ruby-2.1.1/gems/actionpack-4.1.6/lib/action_dispatch/middleware/templates/rescues/_trace.html.erb (1.4ms)
  Rendered /Users/Ryoma/.rvm/gems/ruby-2.1.1/gems/actionpack-4.1.6/lib/action_dispatch/middleware/templates/routes/_route.html.erb (8.1ms)
  Rendered /Users/Ryoma/.rvm/gems/ruby-2.1.1/gems/actionpack-4.1.6/lib/action_dispatch/middleware/templates/routes/_table.html.erb (1.1ms)
  Rendered /Users/Ryoma/.rvm/gems/ruby-2.1.1/gems/actionpack-4.1.6/lib/action_dispatch/middleware/templates/rescues/routing_error.html.erb within rescues/layout (53.1ms)


Started GET "/enjoy_index_path" for 127.0.0.1 at 2014-10-06 23:35:32 -0700

ActionController::RoutingError (No route matches [GET] "/enjoy_index_path"):
  actionpack (4.1.6) lib/action_dispatch/middleware/debug_exceptions.rb:21:in `call'
  actionpack (4.1.6) lib/action_dispatch/middleware/show_exceptions.rb:30:in `call'
  railties (4.1.6) lib/rails/rack/logger.rb:38:in `call_app'
  railties (4.1.6) lib/rails/rack/logger.rb:20:in `block in call'
  activesupport (4.1.6) lib/active_support/tagged_logging.rb:68:in `block in tagged'
  activesupport (4.1.6) lib/active_support/tagged_logging.rb:26:in `tagged'
  activesupport (4.1.6) lib/active_support/tagged_logging.rb:68:in `tagged'
  railties (4.1.6) lib/rails/rack/logger.rb:20:in `call'
  actionpack (4.1.6) lib/action_dispatch/middleware/request_id.rb:21:in `call'
  rack (1.5.2) lib/rack/methodoverride.rb:21:in `call'
  rack (1.5.2) lib/rack/runtime.rb:17:in `call'
  activesupport (4.1.6) lib/active_support/cache/strategy/local_cache_middleware.rb:26:in `call'
  rack (1.5.2) lib/rack/lock.rb:17:in `call'
  actionpack (4.1.6) lib/action_dispatch/middleware/static.rb:64:in `call'
  rack (1.5.2) lib/rack/sendfile.rb:112:in `call'
  railties (4.1.6) lib/rails/engine.rb:514:in `call'
  railties (4.1.6) lib/rails/application.rb:144:in `call'
  rack (1.5.2) lib/rack/lock.rb:17:in `call'
  rack (1.5.2) lib/rack/content_length.rb:14:in `call'
  rack (1.5.2) lib/rack/handler/webrick.rb:60:in `service'
  /Users/Ryoma/.rvm/rubies/ruby-2.1.1/lib/ruby/2.1.0/webrick/httpserver.rb:138:in `service'
  /Users/Ryoma/.rvm/rubies/ruby-2.1.1/lib/ruby/2.1.0/webrick/httpserver.rb:94:in `run'
  /Users/Ryoma/.rvm/rubies/ruby-2.1.1/lib/ruby/2.1.0/webrick/server.rb:295:in `block in start_thread'


  Rendered /Users/Ryoma/.rvm/gems/ruby-2.1.1/gems/actionpack-4.1.6/lib/action_dispatch/middleware/templates/rescues/_trace.html.erb (1.1ms)
  Rendered /Users/Ryoma/.rvm/gems/ruby-2.1.1/gems/actionpack-4.1.6/lib/action_dispatch/middleware/templates/routes/_route.html.erb (8.1ms)
  Rendered /Users/Ryoma/.rvm/gems/ruby-2.1.1/gems/actionpack-4.1.6/lib/action_dispatch/middleware/templates/routes/_table.html.erb (1.1ms)
  Rendered /Users/Ryoma/.rvm/gems/ruby-2.1.1/gems/actionpack-4.1.6/lib/action_dispatch/middleware/templates/rescues/routing_error.html.erb within rescues/layout (51.2ms)


Started GET "/other_index_path" for 127.0.0.1 at 2014-10-06 23:35:34 -0700

ActionController::RoutingError (No route matches [GET] "/other_index_path"):
  actionpack (4.1.6) lib/action_dispatch/middleware/debug_exceptions.rb:21:in `call'
  actionpack (4.1.6) lib/action_dispatch/middleware/show_exceptions.rb:30:in `call'
  railties (4.1.6) lib/rails/rack/logger.rb:38:in `call_app'
  railties (4.1.6) lib/rails/rack/logger.rb:20:in `block in call'
  activesupport (4.1.6) lib/active_support/tagged_logging.rb:68:in `block in tagged'
  activesupport (4.1.6) lib/active_support/tagged_logging.rb:26:in `tagged'
  activesupport (4.1.6) lib/active_support/tagged_logging.rb:68:in `tagged'
  railties (4.1.6) lib/rails/rack/logger.rb:20:in `call'
  actionpack (4.1.6) lib/action_dispatch/middleware/request_id.rb:21:in `call'
  rack (1.5.2) lib/rack/methodoverride.rb:21:in `call'
  rack (1.5.2) lib/rack/runtime.rb:17:in `call'
  activesupport (4.1.6) lib/active_support/cache/strategy/local_cache_middleware.rb:26:in `call'
  rack (1.5.2) lib/rack/lock.rb:17:in `call'
  actionpack (4.1.6) lib/action_dispatch/middleware/static.rb:64:in `call'
  rack (1.5.2) lib/rack/sendfile.rb:112:in `call'
  railties (4.1.6) lib/rails/engine.rb:514:in `call'
  railties (4.1.6) lib/rails/application.rb:144:in `call'
  rack (1.5.2) lib/rack/lock.rb:17:in `call'
  rack (1.5.2) lib/rack/content_length.rb:14:in `call'
  rack (1.5.2) lib/rack/handler/webrick.rb:60:in `service'
  /Users/Ryoma/.rvm/rubies/ruby-2.1.1/lib/ruby/2.1.0/webrick/httpserver.rb:138:in `service'
  /Users/Ryoma/.rvm/rubies/ruby-2.1.1/lib/ruby/2.1.0/webrick/httpserver.rb:94:in `run'
  /Users/Ryoma/.rvm/rubies/ruby-2.1.1/lib/ruby/2.1.0/webrick/server.rb:295:in `block in start_thread'


  Rendered /Users/Ryoma/.rvm/gems/ruby-2.1.1/gems/actionpack-4.1.6/lib/action_dispatch/middleware/templates/rescues/_trace.html.erb (1.2ms)
  Rendered /Users/Ryoma/.rvm/gems/ruby-2.1.1/gems/actionpack-4.1.6/lib/action_dispatch/middleware/templates/routes/_route.html.erb (9.4ms)
  Rendered /Users/Ryoma/.rvm/gems/ruby-2.1.1/gems/actionpack-4.1.6/lib/action_dispatch/middleware/templates/routes/_table.html.erb (1.3ms)
  Rendered /Users/Ryoma/.rvm/gems/ruby-2.1.1/gems/actionpack-4.1.6/lib/action_dispatch/middleware/templates/rescues/routing_error.html.erb within rescues/layout (55.0ms)


Started GET "/other_index_path" for 127.0.0.1 at 2014-10-06 23:35:34 -0700

ActionController::RoutingError (No route matches [GET] "/other_index_path"):
  actionpack (4.1.6) lib/action_dispatch/middleware/debug_exceptions.rb:21:in `call'
  actionpack (4.1.6) lib/action_dispatch/middleware/show_exceptions.rb:30:in `call'
  railties (4.1.6) lib/rails/rack/logger.rb:38:in `call_app'
  railties (4.1.6) lib/rails/rack/logger.rb:20:in `block in call'
  activesupport (4.1.6) lib/active_support/tagged_logging.rb:68:in `block in tagged'
  activesupport (4.1.6) lib/active_support/tagged_logging.rb:26:in `tagged'
  activesupport (4.1.6) lib/active_support/tagged_logging.rb:68:in `tagged'
  railties (4.1.6) lib/rails/rack/logger.rb:20:in `call'
  actionpack (4.1.6) lib/action_dispatch/middleware/request_id.rb:21:in `call'
  rack (1.5.2) lib/rack/methodoverride.rb:21:in `call'
  rack (1.5.2) lib/rack/runtime.rb:17:in `call'
  activesupport (4.1.6) lib/active_support/cache/strategy/local_cache_middleware.rb:26:in `call'
  rack (1.5.2) lib/rack/lock.rb:17:in `call'
  actionpack (4.1.6) lib/action_dispatch/middleware/static.rb:64:in `call'
  rack (1.5.2) lib/rack/sendfile.rb:112:in `call'
  railties (4.1.6) lib/rails/engine.rb:514:in `call'
  railties (4.1.6) lib/rails/application.rb:144:in `call'
  rack (1.5.2) lib/rack/lock.rb:17:in `call'
  rack (1.5.2) lib/rack/content_length.rb:14:in `call'
  rack (1.5.2) lib/rack/handler/webrick.rb:60:in `service'
  /Users/Ryoma/.rvm/rubies/ruby-2.1.1/lib/ruby/2.1.0/webrick/httpserver.rb:138:in `service'
  /Users/Ryoma/.rvm/rubies/ruby-2.1.1/lib/ruby/2.1.0/webrick/httpserver.rb:94:in `run'
  /Users/Ryoma/.rvm/rubies/ruby-2.1.1/lib/ruby/2.1.0/webrick/server.rb:295:in `block in start_thread'


  Rendered /Users/Ryoma/.rvm/gems/ruby-2.1.1/gems/actionpack-4.1.6/lib/action_dispatch/middleware/templates/rescues/_trace.html.erb (1.8ms)
  Rendered /Users/Ryoma/.rvm/gems/ruby-2.1.1/gems/actionpack-4.1.6/lib/action_dispatch/middleware/templates/routes/_route.html.erb (8.1ms)
  Rendered /Users/Ryoma/.rvm/gems/ruby-2.1.1/gems/actionpack-4.1.6/lib/action_dispatch/middleware/templates/routes/_table.html.erb (1.1ms)
  Rendered /Users/Ryoma/.rvm/gems/ruby-2.1.1/gems/actionpack-4.1.6/lib/action_dispatch/middleware/templates/rescues/routing_error.html.erb within rescues/layout (54.1ms)
